{"C:\\Users\\crash\\Clear Function\\src\\index.js": {"path":"C:\\Users\\crash\\Clear Function\\src\\index.js","statementMap":{"0":{"start":{"line":2,"column":2},"end":{"line":4,"column":3}},"1":{"start":{"line":3,"column":4},"end":{"line":3,"column":21}},"2":{"start":{"line":5,"column":2},"end":{"line":7,"column":3}},"3":{"start":{"line":6,"column":4},"end":{"line":6,"column":21}},"4":{"start":{"line":8,"column":2},"end":{"line":8,"column":20}}},"fnMap":{"0":{"name":"getHealthStatus","decl":{"start":{"line":1,"column":24},"end":{"line":1,"column":39}},"loc":{"start":{"line":1,"column":52},"end":{"line":9,"column":1}},"line":1}},"branchMap":{"0":{"loc":{"start":{"line":2,"column":2},"end":{"line":4,"column":3}},"type":"if","locations":[{"start":{"line":2,"column":2},"end":{"line":4,"column":3}},{"start":{},"end":{}}],"line":2},"1":{"loc":{"start":{"line":5,"column":2},"end":{"line":7,"column":3}},"type":"if","locations":[{"start":{"line":5,"column":2},"end":{"line":7,"column":3}},{"start":{},"end":{}}],"line":5}},"s":{"0":7,"1":2,"2":5,"3":3,"4":2},"f":{"0":7},"b":{"0":[2,5],"1":[3,2]},"_coverageSchema":"1a1c01bbd47fc00a2c39e90264f33305004495a9","hash":"a912a6af85722e813d26e6ec0c5a457fdb02b3b7"}
}
